<?xml version="1.0" encoding="UTF-8"?>
<!-- Generated by org.testng.reporters.JUnitReportReporter -->
<testsuite hostname="DESKTOP-1FKFP5A" failures="0" tests="1" name="com.mnyntra.pages.UniversalHeaderPageTest" time="0.673" errors="0" timestamp="04 Jul 2020 15:20:39 GMT" skipped="0">
  <testcase classname="com.mnyntra.pages.UniversalHeaderPageTest" name="VerifyEssentialLink" time="0.673"/>
</testsuite> <!-- com.mnyntra.pages.UniversalHeaderPageTest -->
