<?xml version="1.0" encoding="UTF-8"?>
<!-- Generated by org.testng.reporters.JUnitReportReporter -->
<testsuite hostname="DESKTOP-1FKFP5A" failures="0" tests="2" name="com.runner.cucumber.RunnerCucumber" time="0.308" errors="0" timestamp="05 Jul 2020 05:14:19 GMT" skipped="0">
  <testcase classname="com.runner.cucumber.RunnerCucumber" name="runScenario" time="0.015"/>
  <testcase classname="com.runner.cucumber.RunnerCucumber" name="runScenario" time="0.293"/>
</testsuite> <!-- com.runner.cucumber.RunnerCucumber -->
