<?xml version="1.0" encoding="UTF-8"?>
<!-- Generated by org.testng.reporters.JUnitReportReporter -->
<testsuite hostname="DESKTOP-1FKFP5A" failures="0" tests="3" name="com.mnyntra.pages.VerifyPlaceholderPageTest" time="17.077" errors="0" timestamp="04 Jul 2020 16:31:47 GMT" skipped="0">
  <testcase classname="com.mnyntra.pages.VerifyPlaceholderPageTest" name="verifyMagnifier" time="10.519"/>
  <testcase classname="com.mnyntra.pages.VerifyPlaceholderPageTest" name="waitfor" time="3.003"/>
  <testcase classname="com.mnyntra.pages.VerifyPlaceholderPageTest" name="checkfunck" time="3.555"/>
</testsuite> <!-- com.mnyntra.pages.VerifyPlaceholderPageTest -->
