<?xml version="1.0" encoding="UTF-8"?>
<!-- Generated by org.testng.reporters.JUnitReportReporter -->
<testsuite hostname="DESKTOP-1FKFP5A" failures="0" tests="1" name="com.keywords.testcases.MyntraTestCases" time="0.584" errors="0" timestamp="26 Jun 2020 11:44:24 GMT" skipped="0">
  <testcase classname="com.keywords.testcases.MyntraTestCases" name="verifyLogo" time="0.584"/>
</testsuite> <!-- com.keywords.testcases.MyntraTestCases -->
