<?xml version="1.0" encoding="UTF-8"?>
<!-- Generated by org.testng.reporters.JUnitReportReporter -->
<testsuite hostname="DESKTOP-ET3V8KL" failures="0" tests="1" name="com.mnyntra.pages.logInHeaderTest" time="51.516" errors="0" timestamp="09 Jul 2020 19:21:09 GMT" skipped="0">
  <testcase classname="com.mnyntra.pages.logInHeaderTest" name="signInTest" time="51.516"/>
</testsuite> <!-- com.mnyntra.pages.logInHeaderTest -->
