<?xml version="1.0" encoding="UTF-8"?>
<!-- Generated by org.testng.reporters.JUnitReportReporter -->
<testsuite hostname="DESKTOP-ET3V8KL" failures="0" tests="2" name="com.keywords.TestNGdemo" time="0.021" errors="0" timestamp="12 Jul 2020 17:06:01 GMT" skipped="0">
  <testcase classname="com.keywords.TestNGdemo" name="tc_02" time="0.001"/>
  <testcase classname="com.keywords.TestNGdemo" name="tc_01" time="0.020"/>
</testsuite> <!-- com.keywords.TestNGdemo -->
