<?xml version="1.0" encoding="UTF-8"?>
<!-- Generated by org.testng.reporters.JUnitReportReporter -->
<testsuite hostname="DESKTOP-ET3V8KL" failures="0" tests="2" name="com.keywords.testcases.MyntraTestCases" time="0.249" errors="0" timestamp="30 Aug 2020 06:55:25 GMT" skipped="0">
  <testcase classname="com.keywords.testcases.MyntraTestCases" name="verifyLogo" time="0.239"/>
  <testcase classname="com.keywords.testcases.MyntraTestCases" name="EnterIn" time="0.010"/>
</testsuite> <!-- com.keywords.testcases.MyntraTestCases -->
